Analysis & Synthesis report for lab3_top
Tue Oct 10 13:04:19 2023
Quartus Prime Version 20.1.0 Build 711 06/05/2020 SJ Lite Edition


---------------------
; Table of Contents ;
---------------------
  1. Legal Notice
  2. Analysis & Synthesis Summary
  3. Analysis & Synthesis Settings
  4. Parallel Compilation
  5. Analysis & Synthesis Source Files Read
  6. Analysis & Synthesis Resource Usage Summary
  7. Analysis & Synthesis Resource Utilization by Entity
  8. General Register Statistics
  9. Post-Synthesis Netlist Statistics for Top Partition
 10. Elapsed Time Per Partition
 11. Analysis & Synthesis Messages



----------------
; Legal Notice ;
----------------
Copyright (C) 2020  Intel Corporation. All rights reserved.
Your use of Intel Corporation's design tools, logic functions 
and other software and tools, and any partner logic 
functions, and any output files from any of the foregoing 
(including device programming or simulation files), and any 
associated documentation or information are expressly subject 
to the terms and conditions of the Intel Program License 
Subscription Agreement, the Intel Quartus Prime License Agreement,
the Intel FPGA IP License Agreement, or other applicable license
agreement, including, without limitation, that your use is for
the sole purpose of programming logic devices manufactured by
Intel and sold by Intel or its authorized distributors.  Please
refer to the applicable agreement for further details, at
https://fpgasoftware.intel.com/eula.



+----------------------------------------------------------------------------------+
; Analysis & Synthesis Summary                                                     ;
+------------------------------------+---------------------------------------------+
; Analysis & Synthesis Status        ; Successful - Tue Oct 10 13:04:19 2023       ;
; Quartus Prime Version              ; 20.1.0 Build 711 06/05/2020 SJ Lite Edition ;
; Revision Name                      ; lab3_top                                    ;
; Top-level Entity Name              ; DE10_LITE_Temple_Top                        ;
; Family                             ; MAX 10                                      ;
; Total logic elements               ; 35                                          ;
;     Total combinational functions  ; 35                                          ;
;     Dedicated logic registers      ; 0                                           ;
; Total registers                    ; 0                                           ;
; Total pins                         ; 49                                          ;
; Total virtual pins                 ; 0                                           ;
; Total memory bits                  ; 0                                           ;
; Embedded Multiplier 9-bit elements ; 0                                           ;
; Total PLLs                         ; 0                                           ;
; UFM blocks                         ; 0                                           ;
; ADC blocks                         ; 0                                           ;
+------------------------------------+---------------------------------------------+


+--------------------------------------------------------------------------------------------------------------+
; Analysis & Synthesis Settings                                                                                ;
+------------------------------------------------------------------+----------------------+--------------------+
; Option                                                           ; Setting              ; Default Value      ;
+------------------------------------------------------------------+----------------------+--------------------+
; Device                                                           ; 10M50DAF484C6GES     ;                    ;
; Top-level entity name                                            ; DE10_LITE_Temple_Top ; lab3_top           ;
; Family name                                                      ; MAX 10 FPGA          ; Cyclone V          ;
; Maximum processors allowed for parallel compilation              ; 4                    ;                    ;
; Use smart compilation                                            ; Off                  ; Off                ;
; Enable parallel Assembler and Timing Analyzer during compilation ; On                   ; On                 ;
; Enable compact report table                                      ; Off                  ; Off                ;
; Restructure Multiplexers                                         ; Auto                 ; Auto               ;
; Create Debugging Nodes for IP Cores                              ; Off                  ; Off                ;
; Preserve fewer node names                                        ; On                   ; On                 ;
; Intel FPGA IP Evaluation Mode                                    ; Enable               ; Enable             ;
; Verilog Version                                                  ; Verilog_2001         ; Verilog_2001       ;
; VHDL Version                                                     ; VHDL_1993            ; VHDL_1993          ;
; State Machine Processing                                         ; Auto                 ; Auto               ;
; Safe State Machine                                               ; Off                  ; Off                ;
; Extract Verilog State Machines                                   ; On                   ; On                 ;
; Extract VHDL State Machines                                      ; On                   ; On                 ;
; Ignore Verilog initial constructs                                ; Off                  ; Off                ;
; Iteration limit for constant Verilog loops                       ; 5000                 ; 5000               ;
; Iteration limit for non-constant Verilog loops                   ; 250                  ; 250                ;
; Add Pass-Through Logic to Inferred RAMs                          ; On                   ; On                 ;
; Infer RAMs from Raw Logic                                        ; On                   ; On                 ;
; Parallel Synthesis                                               ; On                   ; On                 ;
; DSP Block Balancing                                              ; Auto                 ; Auto               ;
; NOT Gate Push-Back                                               ; On                   ; On                 ;
; Power-Up Don't Care                                              ; On                   ; On                 ;
; Remove Redundant Logic Cells                                     ; Off                  ; Off                ;
; Remove Duplicate Registers                                       ; On                   ; On                 ;
; Ignore CARRY Buffers                                             ; Off                  ; Off                ;
; Ignore CASCADE Buffers                                           ; Off                  ; Off                ;
; Ignore GLOBAL Buffers                                            ; Off                  ; Off                ;
; Ignore ROW GLOBAL Buffers                                        ; Off                  ; Off                ;
; Ignore LCELL Buffers                                             ; Off                  ; Off                ;
; Ignore SOFT Buffers                                              ; On                   ; On                 ;
; Limit AHDL Integers to 32 Bits                                   ; Off                  ; Off                ;
; Optimization Technique                                           ; Balanced             ; Balanced           ;
; Carry Chain Length                                               ; 70                   ; 70                 ;
; Auto Carry Chains                                                ; On                   ; On                 ;
; Auto Open-Drain Pins                                             ; On                   ; On                 ;
; Perform WYSIWYG Primitive Resynthesis                            ; Off                  ; Off                ;
; Auto ROM Replacement                                             ; On                   ; On                 ;
; Auto RAM Replacement                                             ; On                   ; On                 ;
; Auto DSP Block Replacement                                       ; On                   ; On                 ;
; Auto Shift Register Replacement                                  ; Auto                 ; Auto               ;
; Allow Shift Register Merging across Hierarchies                  ; Auto                 ; Auto               ;
; Auto Clock Enable Replacement                                    ; On                   ; On                 ;
; Strict RAM Replacement                                           ; Off                  ; Off                ;
; Allow Synchronous Control Signals                                ; On                   ; On                 ;
; Force Use of Synchronous Clear Signals                           ; Off                  ; Off                ;
; Auto RAM Block Balancing                                         ; On                   ; On                 ;
; Auto RAM to Logic Cell Conversion                                ; Off                  ; Off                ;
; Auto Resource Sharing                                            ; Off                  ; Off                ;
; Allow Any RAM Size For Recognition                               ; Off                  ; Off                ;
; Allow Any ROM Size For Recognition                               ; Off                  ; Off                ;
; Allow Any Shift Register Size For Recognition                    ; Off                  ; Off                ;
; Use LogicLock Constraints during Resource Balancing              ; On                   ; On                 ;
; Ignore translate_off and synthesis_off directives                ; Off                  ; Off                ;
; Timing-Driven Synthesis                                          ; On                   ; On                 ;
; Report Parameter Settings                                        ; On                   ; On                 ;
; Report Source Assignments                                        ; On                   ; On                 ;
; Report Connectivity Checks                                       ; On                   ; On                 ;
; Ignore Maximum Fan-Out Assignments                               ; Off                  ; Off                ;
; Synchronization Register Chain Length                            ; 2                    ; 2                  ;
; Power Optimization During Synthesis                              ; Normal compilation   ; Normal compilation ;
; HDL message level                                                ; Level2               ; Level2             ;
; Suppress Register Optimization Related Messages                  ; Off                  ; Off                ;
; Number of Removed Registers Reported in Synthesis Report         ; 5000                 ; 5000               ;
; Number of Swept Nodes Reported in Synthesis Report               ; 5000                 ; 5000               ;
; Number of Inverted Registers Reported in Synthesis Report        ; 100                  ; 100                ;
; Clock MUX Protection                                             ; On                   ; On                 ;
; Auto Gated Clock Conversion                                      ; Off                  ; Off                ;
; Block Design Naming                                              ; Auto                 ; Auto               ;
; SDC constraint protection                                        ; Off                  ; Off                ;
; Synthesis Effort                                                 ; Auto                 ; Auto               ;
; Shift Register Replacement - Allow Asynchronous Clear Signal     ; On                   ; On                 ;
; Pre-Mapping Resynthesis Optimization                             ; Off                  ; Off                ;
; Analysis & Synthesis Message Level                               ; Medium               ; Medium             ;
; Disable Register Merging Across Hierarchies                      ; Auto                 ; Auto               ;
; Resource Aware Inference For Block RAM                           ; On                   ; On                 ;
+------------------------------------------------------------------+----------------------+--------------------+


+------------------------------------------+
; Parallel Compilation                     ;
+----------------------------+-------------+
; Processors                 ; Number      ;
+----------------------------+-------------+
; Number detected on machine ; 4           ;
; Maximum allowed            ; 4           ;
;                            ;             ;
; Average used               ; 1.00        ;
; Maximum used               ; 1           ;
;                            ;             ;
; Usage by Processor         ; % Time Used ;
;     Processor 1            ; 100.0%      ;
+----------------------------+-------------+


+---------------------------------------------------------------------------------------------------------------------------------------------------+
; Analysis & Synthesis Source Files Read                                                                                                            ;
+----------------------------------+-----------------+------------------------------+-----------------------------------------------------+---------+
; File Name with User-Entered Path ; Used in Netlist ; File Type                    ; File Name with Absolute Path                        ; Library ;
+----------------------------------+-----------------+------------------------------+-----------------------------------------------------+---------+
; svn_seg_decoder.sv               ; yes             ; User SystemVerilog HDL File  ; /home/tug30155/ece2613/lab3/svn_seg_decoder.sv      ;         ;
; anode_decoder.sv                 ; yes             ; User SystemVerilog HDL File  ; /home/tug30155/ece2613/lab3/anode_decoder.sv        ;         ;
; lab3_decoder.sv                  ; yes             ; User SystemVerilog HDL File  ; /home/tug30155/ece2613/lab3/lab3_decoder.sv         ;         ;
; muxed_display.sv                 ; yes             ; User SystemVerilog HDL File  ; /home/tug30155/ece2613/lab3/muxed_display.sv        ;         ;
; DE10_LITE_Temple_Top.sv          ; yes             ; User SystemVerilog HDL File  ; /home/tug30155/ece2613/lab3/DE10_LITE_Temple_Top.sv ;         ;
+----------------------------------+-----------------+------------------------------+-----------------------------------------------------+---------+


+-----------------------------------------------------------+
; Analysis & Synthesis Resource Usage Summary               ;
+---------------------------------------------+-------------+
; Resource                                    ; Usage       ;
+---------------------------------------------+-------------+
; Estimated Total logic elements              ; 35          ;
;                                             ;             ;
; Total combinational functions               ; 35          ;
; Logic element usage by number of LUT inputs ;             ;
;     -- 4 input functions                    ; 35          ;
;     -- 3 input functions                    ; 0           ;
;     -- <=2 input functions                  ; 0           ;
;                                             ;             ;
; Logic elements by mode                      ;             ;
;     -- normal mode                          ; 35          ;
;     -- arithmetic mode                      ; 0           ;
;                                             ;             ;
; Total registers                             ; 0           ;
;     -- Dedicated logic registers            ; 0           ;
;     -- I/O registers                        ; 0           ;
;                                             ;             ;
; I/O pins                                    ; 49          ;
;                                             ;             ;
; Embedded Multiplier 9-bit elements          ; 0           ;
;                                             ;             ;
; Maximum fan-out node                        ; sw[5]~input ;
; Maximum fan-out                             ; 28          ;
; Total fan-out                               ; 217         ;
; Average fan-out                             ; 1.63        ;
+---------------------------------------------+-------------+


+-------------------------------------------------------------------------------------------------------------------------------------------------------------------------------------------------------------------------------------------------------------------------------------------+
; Analysis & Synthesis Resource Utilization by Entity                                                                                                                                                                                                                                       ;
+-------------------------------+---------------------+---------------------------+-------------+------------+--------------+---------+-----------+------+--------------+------------+----------------------------------------------------------------+----------------------+--------------+
; Compilation Hierarchy Node    ; Combinational ALUTs ; Dedicated Logic Registers ; Memory Bits ; UFM Blocks ; DSP Elements ; DSP 9x9 ; DSP 18x18 ; Pins ; Virtual Pins ; ADC blocks ; Full Hierarchy Name                                            ; Entity Name          ; Library Name ;
+-------------------------------+---------------------+---------------------------+-------------+------------+--------------+---------+-----------+------+--------------+------------+----------------------------------------------------------------+----------------------+--------------+
; |DE10_LITE_Temple_Top         ; 35 (0)              ; 0 (0)                     ; 0           ; 0          ; 0            ; 0       ; 0         ; 49   ; 0            ; 0          ; |DE10_LITE_Temple_Top                                          ; DE10_LITE_Temple_Top ; work         ;
;    |lab3_decoder:u_top|       ; 7 (0)               ; 0 (0)                     ; 0           ; 0          ; 0            ; 0       ; 0         ; 0    ; 0            ; 0          ; |DE10_LITE_Temple_Top|lab3_decoder:u_top                       ; lab3_decoder         ; work         ;
;       |svn_seg_decoder:u_svn| ; 7 (7)               ; 0 (0)                     ; 0           ; 0          ; 0            ; 0       ; 0         ; 0    ; 0            ; 0          ; |DE10_LITE_Temple_Top|lab3_decoder:u_top|svn_seg_decoder:u_svn ; svn_seg_decoder      ; work         ;
;    |muxed_display:u_md|       ; 28 (28)             ; 0 (0)                     ; 0           ; 0          ; 0            ; 0       ; 0         ; 0    ; 0            ; 0          ; |DE10_LITE_Temple_Top|muxed_display:u_md                       ; muxed_display        ; work         ;
+-------------------------------+---------------------+---------------------------+-------------+------------+--------------+---------+-----------+------+--------------+------------+----------------------------------------------------------------+----------------------+--------------+
Note: For table entries with two numbers listed, the numbers in parentheses indicate the number of resources of the given type used by the specific entity alone. The numbers listed outside of parentheses indicate the total resources of the given type used by the specific entity and all of its sub-entities in the hierarchy.


+------------------------------------------------------+
; General Register Statistics                          ;
+----------------------------------------------+-------+
; Statistic                                    ; Value ;
+----------------------------------------------+-------+
; Total registers                              ; 0     ;
; Number of registers using Synchronous Clear  ; 0     ;
; Number of registers using Synchronous Load   ; 0     ;
; Number of registers using Asynchronous Clear ; 0     ;
; Number of registers using Asynchronous Load  ; 0     ;
; Number of registers using Clock Enable       ; 0     ;
; Number of registers using Preset             ; 0     ;
+----------------------------------------------+-------+


+-----------------------------------------------------+
; Post-Synthesis Netlist Statistics for Top Partition ;
+-----------------------+-----------------------------+
; Type                  ; Count                       ;
+-----------------------+-----------------------------+
; boundary_port         ; 49                          ;
; cycloneiii_lcell_comb ; 37                          ;
;     normal            ; 37                          ;
;         0 data inputs ; 2                           ;
;         4 data inputs ; 35                          ;
;                       ;                             ;
; Max LUT depth         ; 2.00                        ;
; Average LUT depth     ; 1.84                        ;
+-----------------------+-----------------------------+


+-------------------------------+
; Elapsed Time Per Partition    ;
+----------------+--------------+
; Partition Name ; Elapsed Time ;
+----------------+--------------+
; Top            ; 00:00:00     ;
+----------------+--------------+


+-------------------------------+
; Analysis & Synthesis Messages ;
+-------------------------------+
Info: *******************************************************************
Info: Running Quartus Prime Analysis & Synthesis
    Info: Version 20.1.0 Build 711 06/05/2020 SJ Lite Edition
    Info: Processing started: Tue Oct 10 13:04:06 2023
Info: Command: quartus_map --read_settings_files=on --write_settings_files=off lab3_top -c lab3_top
Info (20032): Parallel compilation is enabled and will use up to 4 processors
Info (12021): Found 1 design units, including 1 entities, in source file svn_seg_decoder.sv
    Info (12023): Found entity 1: svn_seg_decoder File: /home/tug30155/ece2613/lab3/svn_seg_decoder.sv Line: 4
Info (12021): Found 1 design units, including 1 entities, in source file anode_decoder.sv
    Info (12023): Found entity 1: anode_decoder File: /home/tug30155/ece2613/lab3/anode_decoder.sv Line: 4
Info (12021): Found 1 design units, including 1 entities, in source file lab3_decoder.sv
    Info (12023): Found entity 1: lab3_decoder File: /home/tug30155/ece2613/lab3/lab3_decoder.sv Line: 4
Info (12021): Found 1 design units, including 1 entities, in source file muxed_display.sv
    Info (12023): Found entity 1: muxed_display File: /home/tug30155/ece2613/lab3/muxed_display.sv Line: 5
Info (12021): Found 1 design units, including 1 entities, in source file DE10_LITE_Temple_Top.sv
    Info (12023): Found entity 1: DE10_LITE_Temple_Top File: /home/tug30155/ece2613/lab3/DE10_LITE_Temple_Top.sv Line: 35
Info (12127): Elaborating entity "DE10_LITE_Temple_Top" for the top level hierarchy
Warning (10034): Output port "ledr" at DE10_LITE_Temple_Top.sv(79) has no driver File: /home/tug30155/ece2613/lab3/DE10_LITE_Temple_Top.sv Line: 79
Info (12128): Elaborating entity "lab3_decoder" for hierarchy "lab3_decoder:u_top" File: /home/tug30155/ece2613/lab3/DE10_LITE_Temple_Top.sv Line: 138
Info (12128): Elaborating entity "anode_decoder" for hierarchy "lab3_decoder:u_top|anode_decoder:u_ad" File: /home/tug30155/ece2613/lab3/lab3_decoder.sv Line: 11
Info (12128): Elaborating entity "svn_seg_decoder" for hierarchy "lab3_decoder:u_top|svn_seg_decoder:u_svn" File: /home/tug30155/ece2613/lab3/lab3_decoder.sv Line: 12
Info (12128): Elaborating entity "muxed_display" for hierarchy "muxed_display:u_md" File: /home/tug30155/ece2613/lab3/DE10_LITE_Temple_Top.sv Line: 141
Warning (13024): Output pins are stuck at VCC or GND
    Warning (13410): Pin "hex0[7]" is stuck at VCC File: /home/tug30155/ece2613/lab3/DE10_LITE_Temple_Top.sv Line: 54
    Warning (13410): Pin "hex1[7]" is stuck at VCC File: /home/tug30155/ece2613/lab3/DE10_LITE_Temple_Top.sv Line: 57
    Warning (13410): Pin "hex2[7]" is stuck at VCC File: /home/tug30155/ece2613/lab3/DE10_LITE_Temple_Top.sv Line: 60
    Warning (13410): Pin "hex3[7]" is stuck at VCC File: /home/tug30155/ece2613/lab3/DE10_LITE_Temple_Top.sv Line: 63
    Warning (13410): Pin "ledr[0]" is stuck at GND File: /home/tug30155/ece2613/lab3/DE10_LITE_Temple_Top.sv Line: 79
    Warning (13410): Pin "ledr[1]" is stuck at GND File: /home/tug30155/ece2613/lab3/DE10_LITE_Temple_Top.sv Line: 79
    Warning (13410): Pin "ledr[2]" is stuck at GND File: /home/tug30155/ece2613/lab3/DE10_LITE_Temple_Top.sv Line: 79
    Warning (13410): Pin "ledr[3]" is stuck at GND File: /home/tug30155/ece2613/lab3/DE10_LITE_Temple_Top.sv Line: 79
    Warning (13410): Pin "ledr[4]" is stuck at GND File: /home/tug30155/ece2613/lab3/DE10_LITE_Temple_Top.sv Line: 79
    Warning (13410): Pin "ledr[5]" is stuck at GND File: /home/tug30155/ece2613/lab3/DE10_LITE_Temple_Top.sv Line: 79
    Warning (13410): Pin "ledr[6]" is stuck at GND File: /home/tug30155/ece2613/lab3/DE10_LITE_Temple_Top.sv Line: 79
    Warning (13410): Pin "ledr[7]" is stuck at GND File: /home/tug30155/ece2613/lab3/DE10_LITE_Temple_Top.sv Line: 79
    Warning (13410): Pin "ledr[8]" is stuck at GND File: /home/tug30155/ece2613/lab3/DE10_LITE_Temple_Top.sv Line: 79
    Warning (13410): Pin "ledr[9]" is stuck at GND File: /home/tug30155/ece2613/lab3/DE10_LITE_Temple_Top.sv Line: 79
Info (286030): Timing-Driven Synthesis is running
Info (16010): Generating hard_block partition "hard_block:auto_generated_inst"
    Info (16011): Adding 0 node(s), including 0 DDIO, 0 PLL, 0 transceiver and 0 LCELL
Info (21057): Implemented 84 device resources after synthesis - the final resource count might be different
    Info (21058): Implemented 7 input pins
    Info (21059): Implemented 42 output pins
    Info (21061): Implemented 35 logic cells
Info: Quartus Prime Analysis & Synthesis was successful. 0 errors, 16 warnings
    Info: Peak virtual memory: 517 megabytes
    Info: Processing ended: Tue Oct 10 13:04:19 2023
    Info: Elapsed time: 00:00:13
    Info: Total CPU time (on all processors): 00:00:29


